2018-10-29 18:21:41.945  INFO 6084 --- [main] com.yangpeng.girl.log.LogTest            : Starting LogTest on yangpeng with PID 6084 (started by yangpeng03614 in D:\ToolSoftWare\IDEA\WorkSpace\MyProject\girl)
2018-10-29 18:21:41.945  INFO 6084 --- [main] com.yangpeng.girl.log.LogTest            : The following profiles are active: dev
2018-10-29 18:21:42.023  INFO 6084 --- [main] o.s.w.c.s.GenericWebApplicationContext   : Refreshing org.springframework.web.context.support.GenericWebApplicationContext@60cf80e7: startup date [Mon Oct 29 18:21:42 CST 2018]; root of context hierarchy
2018-10-29 18:21:45.085  INFO 6084 --- [main] trationDelegate$BeanPostProcessorChecker : Bean 'org.springframework.transaction.annotation.ProxyTransactionManagementConfiguration' of type [org.springframework.transaction.annotation.ProxyTransactionManagementConfiguration$$EnhancerBySpringCGLIB$$5f4c2ee8] is not eligible for getting processed by all BeanPostProcessors (for example: not eligible for auto-proxying)
2018-10-29 18:21:45.581  INFO 6084 --- [main] com.zaxxer.hikari.HikariDataSource       : HikariPool-1 - Starting...
2018-10-29 18:21:46.099  INFO 6084 --- [main] com.zaxxer.hikari.HikariDataSource       : HikariPool-1 - Start completed.
2018-10-29 18:21:46.257  INFO 6084 --- [main] j.LocalContainerEntityManagerFactoryBean : Building JPA container EntityManagerFactory for persistence unit 'default'
2018-10-29 18:21:46.288  INFO 6084 --- [main] o.hibernate.jpa.internal.util.LogHelper  : HHH000204: Processing PersistenceUnitInfo [
	name: default
	...]
2018-10-29 18:21:46.444  INFO 6084 --- [main] org.hibernate.Version                    : HHH000412: Hibernate Core {5.2.17.Final}
2018-10-29 18:21:46.444  INFO 6084 --- [main] org.hibernate.cfg.Environment            : HHH000206: hibernate.properties not found
2018-10-29 18:21:46.507  INFO 6084 --- [main] o.hibernate.annotations.common.Version   : HCANN000001: Hibernate Commons Annotations {5.0.1.Final}
2018-10-29 18:21:46.778  INFO 6084 --- [main] org.hibernate.dialect.Dialect            : HHH000400: Using dialect: org.hibernate.dialect.MySQL5InnoDBDialect
2018-10-29 18:21:48.182  INFO 6084 --- [main] j.LocalContainerEntityManagerFactoryBean : Initialized JPA EntityManagerFactory for persistence unit 'default'
2018-10-29 18:21:49.780  INFO 6084 --- [main] o.s.w.s.handler.SimpleUrlHandlerMapping  : Mapped URL path [/**/favicon.ico] onto handler of type [class org.springframework.web.servlet.resource.ResourceHttpRequestHandler]
2018-10-29 18:21:50.357  INFO 6084 --- [main] s.w.s.m.m.a.RequestMappingHandlerAdapter : Looking for @ControllerAdvice: org.springframework.web.context.support.GenericWebApplicationContext@60cf80e7: startup date [Mon Oct 29 18:21:42 CST 2018]; root of context hierarchy
2018-10-29 18:21:50.450  WARN 6084 --- [main] aWebConfiguration$JpaWebMvcConfiguration : spring.jpa.open-in-view is enabled by default. Therefore, database queries may be performed during view rendering. Explicitly configure spring.jpa.open-in-view to disable this warning
2018-10-29 18:21:50.560  INFO 6084 --- [main] s.w.s.m.m.a.RequestMappingHandlerMapping : Mapped "{[/girls],methods=[GET]}" onto public java.util.List<com.yangpeng.girl.entity.Girl> com.yangpeng.girl.controller.GirlController.girlList()
2018-10-29 18:21:50.560  INFO 6084 --- [main] s.w.s.m.m.a.RequestMappingHandlerMapping : Mapped "{[/girls],methods=[POST]}" onto public com.yangpeng.girl.entity.Girl com.yangpeng.girl.controller.GirlController.girlAdd(java.lang.String,java.lang.Integer)
2018-10-29 18:21:50.560  INFO 6084 --- [main] s.w.s.m.m.a.RequestMappingHandlerMapping : Mapped "{[/girls/{id}],methods=[GET]}" onto public com.yangpeng.girl.entity.Girl com.yangpeng.girl.controller.GirlController.girlFindOne(java.lang.Integer)
2018-10-29 18:21:50.560  INFO 6084 --- [main] s.w.s.m.m.a.RequestMappingHandlerMapping : Mapped "{[/girls/{id}],methods=[PUT]}" onto public com.yangpeng.girl.entity.Girl com.yangpeng.girl.controller.GirlController.girlUpdate(java.lang.Integer,java.lang.String,java.lang.Integer)
2018-10-29 18:21:50.560  INFO 6084 --- [main] s.w.s.m.m.a.RequestMappingHandlerMapping : Mapped "{[/girls/{id}],methods=[DELETE]}" onto public void com.yangpeng.girl.controller.GirlController.girlDelete(java.lang.Integer)
2018-10-29 18:21:50.560  INFO 6084 --- [main] s.w.s.m.m.a.RequestMappingHandlerMapping : Mapped "{[/girls/age/{age}],methods=[GET]}" onto public java.util.List<com.yangpeng.girl.entity.Girl> com.yangpeng.girl.controller.GirlController.findGirlByAge(java.lang.Integer)
2018-10-29 18:21:50.560  INFO 6084 --- [main] s.w.s.m.m.a.RequestMappingHandlerMapping : Mapped "{[/girls/two],methods=[POST]}" onto public void com.yangpeng.girl.controller.GirlController.saveTwoGirls()
2018-10-29 18:21:50.560  INFO 6084 --- [main] s.w.s.m.m.a.RequestMappingHandlerMapping : Mapped "{[/girls/byAge],methods=[POST]}" onto public com.yangpeng.girl.common.Result<?> com.yangpeng.girl.controller.GirlController.findGirlsByAge(com.yangpeng.girl.common.InData)
2018-10-29 18:21:50.560  INFO 6084 --- [main] s.w.s.m.m.a.RequestMappingHandlerMapping : Mapped "{[/girlsAndValidAge],methods=[POST]}" onto public java.lang.Object com.yangpeng.girl.controller.GirlController.girlAndValidAgeAdd(com.yangpeng.girl.entity.Girl,org.springframework.validation.BindingResult)
2018-10-29 18:21:50.560  INFO 6084 --- [main] s.w.s.m.m.a.RequestMappingHandlerMapping : Mapped "{[/girlsAndValidAge2],methods=[POST]}" onto public com.yangpeng.girl.common.Result<?> com.yangpeng.girl.controller.GirlController.girlAndValidAgeAdd2(com.yangpeng.girl.entity.Girl,org.springframework.validation.BindingResult)
2018-10-29 18:21:50.560  INFO 6084 --- [main] s.w.s.m.m.a.RequestMappingHandlerMapping : Mapped "{[/girlsAndValidAge3],methods=[POST]}" onto public com.yangpeng.girl.common.OtherResult com.yangpeng.girl.controller.GirlController.girlAndValidAgeAdd3(com.yangpeng.girl.entity.Girl,org.springframework.validation.BindingResult)
2018-10-29 18:21:50.560  INFO 6084 --- [main] s.w.s.m.m.a.RequestMappingHandlerMapping : Mapped "{[/girlsAndValidAge4],methods=[POST]}" onto public com.yangpeng.girl.common.OtherResult2 com.yangpeng.girl.controller.GirlController.girlAndValidAgeAdd4(com.yangpeng.girl.entity.Girl,org.springframework.validation.BindingResult)
2018-10-29 18:21:50.560  INFO 6084 --- [main] s.w.s.m.m.a.RequestMappingHandlerMapping : Mapped "{[/girls/byId],methods=[POST]}" onto public com.yangpeng.girl.common.Result<?> com.yangpeng.girl.controller.GirlController.getAgeByIdThrowException(com.yangpeng.girl.common.InData) throws java.lang.Exception
2018-10-29 18:21:50.560  INFO 6084 --- [main] s.w.s.m.m.a.RequestMappingHandlerMapping : Mapped "{[/girls/byId2],methods=[POST]}" onto public com.yangpeng.girl.common.Result<?> com.yangpeng.girl.controller.GirlController.getAgeByIdThrowRuleException(com.yangpeng.girl.common.InData) throws com.yangpeng.girl.exception.RuleException
2018-10-29 18:21:50.575  INFO 6084 --- [main] s.w.s.m.m.a.RequestMappingHandlerMapping : Mapped "{[/hello/getProperties],methods=[GET]}" onto public com.yangpeng.girl.common.Result<?> com.yangpeng.girl.controller.HelloController.getProperties()
2018-10-29 18:21:50.575  INFO 6084 --- [main] s.w.s.m.m.a.RequestMappingHandlerMapping : Mapped "{[/hello/getResult],methods=[GET]}" onto public java.lang.String com.yangpeng.girl.controller.HelloController.getResult(java.lang.String)
2018-10-29 18:21:50.575  INFO 6084 --- [main] s.w.s.m.m.a.RequestMappingHandlerMapping : Mapped "{[/hello/say/{context}],methods=[GET]}" onto public java.lang.String com.yangpeng.girl.controller.HelloController.say(java.lang.String)
2018-10-29 18:21:50.575  INFO 6084 --- [main] s.w.s.m.m.a.RequestMappingHandlerMapping : Mapped "{[/hello/look],methods=[GET]}" onto public java.lang.String com.yangpeng.girl.controller.HelloController.look()
2018-10-29 18:21:50.575  INFO 6084 --- [main] s.w.s.m.m.a.RequestMappingHandlerMapping : Mapped "{[/hello/allforone || /hello/nihao],methods=[GET]}" onto public java.lang.String com.yangpeng.girl.controller.HelloController.ALlforone()
2018-10-29 18:21:50.575  INFO 6084 --- [main] s.w.s.m.m.a.RequestMappingHandlerMapping : Mapped "{[/hello/postRequest],methods=[POST]}" onto public java.lang.String com.yangpeng.girl.controller.HelloController.postRequest(java.lang.String)
2018-10-29 18:21:50.575  INFO 6084 --- [main] s.w.s.m.m.a.RequestMappingHandlerMapping : Mapped "{[/hello/postRequest2],methods=[POST]}" onto public java.lang.String com.yangpeng.girl.controller.HelloController.postRequest2()
2018-10-29 18:21:50.575  INFO 6084 --- [main] s.w.s.m.m.a.RequestMappingHandlerMapping : Mapped "{[/hello/getResult3],methods=[GET]}" onto public java.lang.String com.yangpeng.girl.controller.HelloController.getResult3(java.lang.String)
2018-10-29 18:21:50.575  INFO 6084 --- [main] s.w.s.m.m.a.RequestMappingHandlerMapping : Mapped "{[/hello/getResult2/{context}],methods=[GET]}" onto public java.lang.String com.yangpeng.girl.controller.HelloController.getResult2(java.lang.String)
2018-10-29 18:21:50.575  INFO 6084 --- [main] s.w.s.m.m.a.RequestMappingHandlerMapping : Mapped "{[/hello/getAndpostRequest]}" onto public java.lang.String com.yangpeng.girl.controller.HelloController.getAndpostRequest()
2018-10-29 18:21:50.575  INFO 6084 --- [main] s.w.s.m.m.a.RequestMappingHandlerMapping : Mapped "{[/hello/combinationMapping],methods=[GET]}" onto public java.lang.String com.yangpeng.girl.controller.HelloController.combinationMapping(java.lang.String)
2018-10-29 18:21:50.575  INFO 6084 --- [main] s.w.s.m.m.a.RequestMappingHandlerMapping : Mapped "{[/error]}" onto public org.springframework.http.ResponseEntity<java.util.Map<java.lang.String, java.lang.Object>> org.springframework.boot.autoconfigure.web.servlet.error.BasicErrorController.error(javax.servlet.http.HttpServletRequest)
2018-10-29 18:21:50.575  INFO 6084 --- [main] s.w.s.m.m.a.RequestMappingHandlerMapping : Mapped "{[/error],produces=[text/html]}" onto public org.springframework.web.servlet.ModelAndView org.springframework.boot.autoconfigure.web.servlet.error.BasicErrorController.errorHtml(javax.servlet.http.HttpServletRequest,javax.servlet.http.HttpServletResponse)
2018-10-29 18:21:50.653  INFO 6084 --- [main] o.s.w.s.handler.SimpleUrlHandlerMapping  : Mapped URL path [/webjars/**] onto handler of type [class org.springframework.web.servlet.resource.ResourceHttpRequestHandler]
2018-10-29 18:21:50.653  INFO 6084 --- [main] o.s.w.s.handler.SimpleUrlHandlerMapping  : Mapped URL path [/**] onto handler of type [class org.springframework.web.servlet.resource.ResourceHttpRequestHandler]
2018-10-29 18:21:50.687  INFO 6084 --- [main] .m.m.a.ExceptionHandlerExceptionResolver : Detected @ExceptionHandler methods in exceptionHandle
2018-10-29 18:21:50.921  INFO 6084 --- [main] o.s.b.a.w.s.WelcomePageHandlerMapping    : Adding welcome page template: index
2018-10-29 18:21:51.440  INFO 6084 --- [main] com.yangpeng.girl.log.LogTest            : Started LogTest in 11.08 seconds (JVM running for 13.227)
2018-10-29 18:21:51.674  INFO 6084 --- [main] com.yangpeng.girl.log.LogTest            : 输出到girl.log文件中
2018-10-29 18:21:51.689  INFO 6084 --- [Thread-3] o.s.w.c.s.GenericWebApplicationContext   : Closing org.springframework.web.context.support.GenericWebApplicationContext@60cf80e7: startup date [Mon Oct 29 18:21:42 CST 2018]; root of context hierarchy
2018-10-29 18:21:51.689  INFO 6084 --- [Thread-3] j.LocalContainerEntityManagerFactoryBean : Closing JPA EntityManagerFactory for persistence unit 'default'
2018-10-29 18:21:51.705  INFO 6084 --- [Thread-3] com.zaxxer.hikari.HikariDataSource       : HikariPool-1 - Shutdown initiated...
2018-10-29 18:21:51.705  INFO 6084 --- [Thread-3] com.zaxxer.hikari.HikariDataSource       : HikariPool-1 - Shutdown completed.
2018-10-29 18:25:55.250  INFO 3336 --- [main] com.yangpeng.girl.log.LogTest            : Starting LogTest on yangpeng with PID 3336 (started by yangpeng03614 in D:\ToolSoftWare\IDEA\WorkSpace\MyProject\girl)
2018-10-29 18:25:55.250  INFO 3336 --- [main] com.yangpeng.girl.log.LogTest            : The following profiles are active: dev
2018-10-29 18:25:55.383  INFO 3336 --- [main] o.s.w.c.s.GenericWebApplicationContext   : Refreshing org.springframework.web.context.support.GenericWebApplicationContext@523424b5: startup date [Mon Oct 29 18:25:55 CST 2018]; root of context hierarchy
2018-10-29 18:25:58.044  INFO 3336 --- [main] trationDelegate$BeanPostProcessorChecker : Bean 'org.springframework.transaction.annotation.ProxyTransactionManagementConfiguration' of type [org.springframework.transaction.annotation.ProxyTransactionManagementConfiguration$$EnhancerBySpringCGLIB$$e35d5a7] is not eligible for getting processed by all BeanPostProcessors (for example: not eligible for auto-proxying)
2018-10-29 18:25:58.704  INFO 3336 --- [main] com.zaxxer.hikari.HikariDataSource       : HikariPool-1 - Starting...
2018-10-29 18:25:59.271  INFO 3336 --- [main] com.zaxxer.hikari.HikariDataSource       : HikariPool-1 - Start completed.
2018-10-29 18:25:59.400  INFO 3336 --- [main] j.LocalContainerEntityManagerFactoryBean : Building JPA container EntityManagerFactory for persistence unit 'default'
2018-10-29 18:25:59.478  INFO 3336 --- [main] o.hibernate.jpa.internal.util.LogHelper  : HHH000204: Processing PersistenceUnitInfo [
	name: default
	...]
2018-10-29 18:25:59.696  INFO 3336 --- [main] org.hibernate.Version                    : HHH000412: Hibernate Core {5.2.17.Final}
2018-10-29 18:25:59.696  INFO 3336 --- [main] org.hibernate.cfg.Environment            : HHH000206: hibernate.properties not found
2018-10-29 18:25:59.786  INFO 3336 --- [main] o.hibernate.annotations.common.Version   : HCANN000001: Hibernate Commons Annotations {5.0.1.Final}
2018-10-29 18:26:00.099  INFO 3336 --- [main] org.hibernate.dialect.Dialect            : HHH000400: Using dialect: org.hibernate.dialect.MySQL5InnoDBDialect
2018-10-29 18:26:01.322  INFO 3336 --- [main] j.LocalContainerEntityManagerFactoryBean : Initialized JPA EntityManagerFactory for persistence unit 'default'
2018-10-29 18:26:02.870  INFO 3336 --- [main] o.s.w.s.handler.SimpleUrlHandlerMapping  : Mapped URL path [/**/favicon.ico] onto handler of type [class org.springframework.web.servlet.resource.ResourceHttpRequestHandler]
2018-10-29 18:26:03.484  INFO 3336 --- [main] s.w.s.m.m.a.RequestMappingHandlerAdapter : Looking for @ControllerAdvice: org.springframework.web.context.support.GenericWebApplicationContext@523424b5: startup date [Mon Oct 29 18:25:55 CST 2018]; root of context hierarchy
2018-10-29 18:26:03.578  WARN 3336 --- [main] aWebConfiguration$JpaWebMvcConfiguration : spring.jpa.open-in-view is enabled by default. Therefore, database queries may be performed during view rendering. Explicitly configure spring.jpa.open-in-view to disable this warning
2018-10-29 18:26:03.703  INFO 3336 --- [main] s.w.s.m.m.a.RequestMappingHandlerMapping : Mapped "{[/girls],methods=[GET]}" onto public java.util.List<com.yangpeng.girl.entity.Girl> com.yangpeng.girl.controller.GirlController.girlList()
2018-10-29 18:26:03.703  INFO 3336 --- [main] s.w.s.m.m.a.RequestMappingHandlerMapping : Mapped "{[/girls],methods=[POST]}" onto public com.yangpeng.girl.entity.Girl com.yangpeng.girl.controller.GirlController.girlAdd(java.lang.String,java.lang.Integer)
2018-10-29 18:26:03.703  INFO 3336 --- [main] s.w.s.m.m.a.RequestMappingHandlerMapping : Mapped "{[/girls/{id}],methods=[GET]}" onto public com.yangpeng.girl.entity.Girl com.yangpeng.girl.controller.GirlController.girlFindOne(java.lang.Integer)
2018-10-29 18:26:03.703  INFO 3336 --- [main] s.w.s.m.m.a.RequestMappingHandlerMapping : Mapped "{[/girls/{id}],methods=[PUT]}" onto public com.yangpeng.girl.entity.Girl com.yangpeng.girl.controller.GirlController.girlUpdate(java.lang.Integer,java.lang.String,java.lang.Integer)
2018-10-29 18:26:03.703  INFO 3336 --- [main] s.w.s.m.m.a.RequestMappingHandlerMapping : Mapped "{[/girls/{id}],methods=[DELETE]}" onto public void com.yangpeng.girl.controller.GirlController.girlDelete(java.lang.Integer)
2018-10-29 18:26:03.703  INFO 3336 --- [main] s.w.s.m.m.a.RequestMappingHandlerMapping : Mapped "{[/girls/age/{age}],methods=[GET]}" onto public java.util.List<com.yangpeng.girl.entity.Girl> com.yangpeng.girl.controller.GirlController.findGirlByAge(java.lang.Integer)
2018-10-29 18:26:03.703  INFO 3336 --- [main] s.w.s.m.m.a.RequestMappingHandlerMapping : Mapped "{[/girls/two],methods=[POST]}" onto public void com.yangpeng.girl.controller.GirlController.saveTwoGirls()
2018-10-29 18:26:03.703  INFO 3336 --- [main] s.w.s.m.m.a.RequestMappingHandlerMapping : Mapped "{[/girls/byAge],methods=[POST]}" onto public com.yangpeng.girl.common.Result<?> com.yangpeng.girl.controller.GirlController.findGirlsByAge(com.yangpeng.girl.common.InData)
2018-10-29 18:26:03.703  INFO 3336 --- [main] s.w.s.m.m.a.RequestMappingHandlerMapping : Mapped "{[/girlsAndValidAge],methods=[POST]}" onto public java.lang.Object com.yangpeng.girl.controller.GirlController.girlAndValidAgeAdd(com.yangpeng.girl.entity.Girl,org.springframework.validation.BindingResult)
2018-10-29 18:26:03.703  INFO 3336 --- [main] s.w.s.m.m.a.RequestMappingHandlerMapping : Mapped "{[/girlsAndValidAge2],methods=[POST]}" onto public com.yangpeng.girl.common.Result<?> com.yangpeng.girl.controller.GirlController.girlAndValidAgeAdd2(com.yangpeng.girl.entity.Girl,org.springframework.validation.BindingResult)
2018-10-29 18:26:03.703  INFO 3336 --- [main] s.w.s.m.m.a.RequestMappingHandlerMapping : Mapped "{[/girlsAndValidAge3],methods=[POST]}" onto public com.yangpeng.girl.common.OtherResult com.yangpeng.girl.controller.GirlController.girlAndValidAgeAdd3(com.yangpeng.girl.entity.Girl,org.springframework.validation.BindingResult)
2018-10-29 18:26:03.703  INFO 3336 --- [main] s.w.s.m.m.a.RequestMappingHandlerMapping : Mapped "{[/girlsAndValidAge4],methods=[POST]}" onto public com.yangpeng.girl.common.OtherResult2 com.yangpeng.girl.controller.GirlController.girlAndValidAgeAdd4(com.yangpeng.girl.entity.Girl,org.springframework.validation.BindingResult)
2018-10-29 18:26:03.718  INFO 3336 --- [main] s.w.s.m.m.a.RequestMappingHandlerMapping : Mapped "{[/girls/byId],methods=[POST]}" onto public com.yangpeng.girl.common.Result<?> com.yangpeng.girl.controller.GirlController.getAgeByIdThrowException(com.yangpeng.girl.common.InData) throws java.lang.Exception
2018-10-29 18:26:03.718  INFO 3336 --- [main] s.w.s.m.m.a.RequestMappingHandlerMapping : Mapped "{[/girls/byId2],methods=[POST]}" onto public com.yangpeng.girl.common.Result<?> com.yangpeng.girl.controller.GirlController.getAgeByIdThrowRuleException(com.yangpeng.girl.common.InData) throws com.yangpeng.girl.exception.RuleException
2018-10-29 18:26:03.718  INFO 3336 --- [main] s.w.s.m.m.a.RequestMappingHandlerMapping : Mapped "{[/hello/getProperties],methods=[GET]}" onto public com.yangpeng.girl.common.Result<?> com.yangpeng.girl.controller.HelloController.getProperties()
2018-10-29 18:26:03.734  INFO 3336 --- [main] s.w.s.m.m.a.RequestMappingHandlerMapping : Mapped "{[/hello/getResult],methods=[GET]}" onto public java.lang.String com.yangpeng.girl.controller.HelloController.getResult(java.lang.String)
2018-10-29 18:26:03.734  INFO 3336 --- [main] s.w.s.m.m.a.RequestMappingHandlerMapping : Mapped "{[/hello/say/{context}],methods=[GET]}" onto public java.lang.String com.yangpeng.girl.controller.HelloController.say(java.lang.String)
2018-10-29 18:26:03.734  INFO 3336 --- [main] s.w.s.m.m.a.RequestMappingHandlerMapping : Mapped "{[/hello/look],methods=[GET]}" onto public java.lang.String com.yangpeng.girl.controller.HelloController.look()
2018-10-29 18:26:03.734  INFO 3336 --- [main] s.w.s.m.m.a.RequestMappingHandlerMapping : Mapped "{[/hello/allforone || /hello/nihao],methods=[GET]}" onto public java.lang.String com.yangpeng.girl.controller.HelloController.ALlforone()
2018-10-29 18:26:03.734  INFO 3336 --- [main] s.w.s.m.m.a.RequestMappingHandlerMapping : Mapped "{[/hello/postRequest],methods=[POST]}" onto public java.lang.String com.yangpeng.girl.controller.HelloController.postRequest(java.lang.String)
2018-10-29 18:26:03.734  INFO 3336 --- [main] s.w.s.m.m.a.RequestMappingHandlerMapping : Mapped "{[/hello/postRequest2],methods=[POST]}" onto public java.lang.String com.yangpeng.girl.controller.HelloController.postRequest2()
2018-10-29 18:26:03.734  INFO 3336 --- [main] s.w.s.m.m.a.RequestMappingHandlerMapping : Mapped "{[/hello/getResult3],methods=[GET]}" onto public java.lang.String com.yangpeng.girl.controller.HelloController.getResult3(java.lang.String)
2018-10-29 18:26:03.734  INFO 3336 --- [main] s.w.s.m.m.a.RequestMappingHandlerMapping : Mapped "{[/hello/getResult2/{context}],methods=[GET]}" onto public java.lang.String com.yangpeng.girl.controller.HelloController.getResult2(java.lang.String)
2018-10-29 18:26:03.734  INFO 3336 --- [main] s.w.s.m.m.a.RequestMappingHandlerMapping : Mapped "{[/hello/getAndpostRequest]}" onto public java.lang.String com.yangpeng.girl.controller.HelloController.getAndpostRequest()
2018-10-29 18:26:03.734  INFO 3336 --- [main] s.w.s.m.m.a.RequestMappingHandlerMapping : Mapped "{[/hello/combinationMapping],methods=[GET]}" onto public java.lang.String com.yangpeng.girl.controller.HelloController.combinationMapping(java.lang.String)
2018-10-29 18:26:03.734  INFO 3336 --- [main] s.w.s.m.m.a.RequestMappingHandlerMapping : Mapped "{[/error]}" onto public org.springframework.http.ResponseEntity<java.util.Map<java.lang.String, java.lang.Object>> org.springframework.boot.autoconfigure.web.servlet.error.BasicErrorController.error(javax.servlet.http.HttpServletRequest)
2018-10-29 18:26:03.734  INFO 3336 --- [main] s.w.s.m.m.a.RequestMappingHandlerMapping : Mapped "{[/error],produces=[text/html]}" onto public org.springframework.web.servlet.ModelAndView org.springframework.boot.autoconfigure.web.servlet.error.BasicErrorController.errorHtml(javax.servlet.http.HttpServletRequest,javax.servlet.http.HttpServletResponse)
2018-10-29 18:26:03.812  INFO 3336 --- [main] o.s.w.s.handler.SimpleUrlHandlerMapping  : Mapped URL path [/webjars/**] onto handler of type [class org.springframework.web.servlet.resource.ResourceHttpRequestHandler]
2018-10-29 18:26:03.812  INFO 3336 --- [main] o.s.w.s.handler.SimpleUrlHandlerMapping  : Mapped URL path [/**] onto handler of type [class org.springframework.web.servlet.resource.ResourceHttpRequestHandler]
2018-10-29 18:26:03.843  INFO 3336 --- [main] .m.m.a.ExceptionHandlerExceptionResolver : Detected @ExceptionHandler methods in exceptionHandle
2018-10-29 18:26:04.111  INFO 3336 --- [main] o.s.b.a.w.s.WelcomePageHandlerMapping    : Adding welcome page template: index
2018-10-29 18:26:04.549  INFO 3336 --- [main] com.yangpeng.girl.log.LogTest            : Started LogTest in 10.944 seconds (JVM running for 13.222)
2018-10-29 18:26:04.767  INFO 3336 --- [main] com.yangpeng.girl.log.LogTest            : 输出到girl.log文件中
2018-10-29 18:26:04.767  WARN 3336 --- [main] com.yangpeng.girl.log.LogTest            : 将警告输出到girl.log文件中
2018-10-29 18:26:04.767  INFO 3336 --- [Thread-3] o.s.w.c.s.GenericWebApplicationContext   : Closing org.springframework.web.context.support.GenericWebApplicationContext@523424b5: startup date [Mon Oct 29 18:25:55 CST 2018]; root of context hierarchy
2018-10-29 18:26:04.783  INFO 3336 --- [Thread-3] j.LocalContainerEntityManagerFactoryBean : Closing JPA EntityManagerFactory for persistence unit 'default'
2018-10-29 18:26:04.783  INFO 3336 --- [Thread-3] com.zaxxer.hikari.HikariDataSource       : HikariPool-1 - Shutdown initiated...
2018-10-29 18:26:04.798  INFO 3336 --- [Thread-3] com.zaxxer.hikari.HikariDataSource       : HikariPool-1 - Shutdown completed.
